INFO    2016-08-16 17:20:32,821 [main] org.eclipse.jdt.internal.junit.runner.RemoteTestRunner  - Starting RemoteTestRunner on jan with PID 12636 (C:\eclipse\eclipse-java-ee\configuration\org.eclipse.osgi\361\0\.cp started by jnehring in C:\Users\jnehring\workspaces\dkt\dkt-development\DocumentStorage)
INFO    2016-08-16 17:20:32,912 [main] org.springframework.beans.factory.xml.XmlBeanDefinitionReader  - Loading XML bean definitions from class path resource [storage-test-package.xml]
INFO    2016-08-16 17:20:34,233 [main] org.springframework.beans.factory.xml.XmlBeanDefinitionReader  - Loading XML bean definitions from class path resource [spring-configurations/freme-common.xml]
INFO    2016-08-16 17:20:34,425 [main] org.springframework.beans.factory.xml.XmlBeanDefinitionReader  - Loading XML bean definitions from class path resource [spring-configurations/test-helper.xml]
INFO    2016-08-16 17:20:34,806 [main] org.springframework.beans.factory.xml.XmlBeanDefinitionReader  - Loading XML bean definitions from class path resource [spring-configurations/edocumentstorage.xml]
INFO    2016-08-16 17:20:35,509 [main] org.springframework.beans.factory.xml.XmlBeanDefinitionReader  - Loading XML bean definitions from class path resource [spring-configurations/pipelines.xml]
INFO    2016-08-16 17:20:35,761 [main] org.springframework.beans.factory.xml.XmlBeanDefinitionReader  - Loading XML bean definitions from class path resource [spring-configurations/internationalization.xml]
INFO    2016-08-16 17:20:36,235 [main] org.springframework.beans.factory.xml.XmlBeanDefinitionReader  - Loading XML bean definitions from class path resource [spring-configurations/e-capitalization.xml]
INFO    2016-08-16 17:20:36,415 [main] org.springframework.boot.context.embedded.AnnotationConfigEmbeddedWebApplicationContext  - Refreshing org.springframework.boot.context.embedded.AnnotationConfigEmbeddedWebApplicationContext@51e5fc98: startup date [Tue Aug 16 17:20:36 CEST 2016]; root of context hierarchy
INFO    2016-08-16 17:20:41,953 [main] org.springframework.context.annotation.ConfigurationClassBeanDefinitionReader  - Skipping bean definition for [BeanMethod:name=accessLevelHelper,declaringClass=eu.freme.common.security.SecurityConfig]: a definition for bean 'accessLevelHelper' already exists. This top-level bean definition is considered as an override.
INFO    2016-08-16 17:20:41,960 [main] org.springframework.context.annotation.ConfigurationClassBeanDefinitionReader  - Skipping bean definition for [BeanMethod:name=documentProcessor,declaringClass=de.dkt.eservices.edocumentstorage.DocumentStorageConfig]: a definition for bean 'documentProcessor' already exists. This top-level bean definition is considered as an override.
INFO    2016-08-16 17:20:41,961 [main] org.springframework.context.annotation.ConfigurationClassBeanDefinitionReader  - Skipping bean definition for [BeanMethod:name=documentProcessorService,declaringClass=de.dkt.eservices.edocumentstorage.DocumentStorageConfig]: a definition for bean 'documentProcessorService' already exists. This top-level bean definition is considered as an override.
INFO    2016-08-16 17:20:41,961 [main] org.springframework.context.annotation.ConfigurationClassBeanDefinitionReader  - Skipping bean definition for [BeanMethod:name=nifConverterService,declaringClass=de.dkt.eservices.edocumentstorage.DocumentStorageConfig]: a definition for bean 'nifConverterService' already exists. This top-level bean definition is considered as an override.
INFO    2016-08-16 17:20:41,961 [main] org.springframework.context.annotation.ConfigurationClassBeanDefinitionReader  - Skipping bean definition for [BeanMethod:name=documentDAO,declaringClass=de.dkt.eservices.edocumentstorage.DocumentStorageConfig]: a definition for bean 'documentDAO' already exists. This top-level bean definition is considered as an override.
INFO    2016-08-16 17:20:42,217 [main] org.springframework.beans.factory.support.DefaultListableBeanFactory  - Overriding bean definition for bean 'beanNameViewResolver': replacing [Root bean: class [null]; scope=; abstract=false; lazyInit=false; autowireMode=3; dependencyCheck=0; autowireCandidate=true; primary=false; factoryBeanName=org.springframework.boot.autoconfigure.web.ErrorMvcAutoConfiguration$WhitelabelErrorViewConfiguration; factoryMethodName=beanNameViewResolver; initMethodName=null; destroyMethodName=(inferred); defined in class path resource [org/springframework/boot/autoconfigure/web/ErrorMvcAutoConfiguration$WhitelabelErrorViewConfiguration.class]] with [Root bean: class [null]; scope=; abstract=false; lazyInit=false; autowireMode=3; dependencyCheck=0; autowireCandidate=true; primary=false; factoryBeanName=org.springframework.boot.autoconfigure.web.WebMvcAutoConfiguration$WebMvcAutoConfigurationAdapter; factoryMethodName=beanNameViewResolver; initMethodName=null; destroyMethodName=(inferred); defined in class path resource [org/springframework/boot/autoconfigure/web/WebMvcAutoConfiguration$WebMvcAutoConfigurationAdapter.class]]
INFO    2016-08-16 17:20:43,329 [main] org.hibernate.validator.internal.util.Version  - HV000001: Hibernate Validator 5.1.3.Final
INFO    2016-08-16 17:20:43,592 [main] org.springframework.context.support.PostProcessorRegistrationDelegate$BeanPostProcessorChecker  - Bean 'org.springframework.scheduling.annotation.SchedulingConfiguration' of type [class org.springframework.scheduling.annotation.SchedulingConfiguration$$EnhancerBySpringCGLIB$$a6667830] is not eligible for getting processed by all BeanPostProcessors (for example: not eligible for auto-proxying)
INFO    2016-08-16 17:20:43,835 [main] org.springframework.context.support.PostProcessorRegistrationDelegate$BeanPostProcessorChecker  - Bean 'org.springframework.transaction.annotation.ProxyTransactionManagementConfiguration' of type [class org.springframework.transaction.annotation.ProxyTransactionManagementConfiguration$$EnhancerBySpringCGLIB$$3610f515] is not eligible for getting processed by all BeanPostProcessors (for example: not eligible for auto-proxying)
INFO    2016-08-16 17:20:43,878 [main] org.springframework.context.support.PostProcessorRegistrationDelegate$BeanPostProcessorChecker  - Bean 'transactionAttributeSource' of type [class org.springframework.transaction.annotation.AnnotationTransactionAttributeSource] is not eligible for getting processed by all BeanPostProcessors (for example: not eligible for auto-proxying)
INFO    2016-08-16 17:20:43,897 [main] org.springframework.context.support.PostProcessorRegistrationDelegate$BeanPostProcessorChecker  - Bean 'transactionInterceptor' of type [class org.springframework.transaction.interceptor.TransactionInterceptor] is not eligible for getting processed by all BeanPostProcessors (for example: not eligible for auto-proxying)
INFO    2016-08-16 17:20:43,910 [main] org.springframework.context.support.PostProcessorRegistrationDelegate$BeanPostProcessorChecker  - Bean 'org.springframework.transaction.config.internalTransactionAdvisor' of type [class org.springframework.transaction.interceptor.BeanFactoryTransactionAttributeSourceAdvisor] is not eligible for getting processed by all BeanPostProcessors (for example: not eligible for auto-proxying)
INFO    2016-08-16 17:20:43,977 [main] org.springframework.context.support.PostProcessorRegistrationDelegate$BeanPostProcessorChecker  - Bean 'org.springframework.security.config.annotation.configuration.ObjectPostProcessorConfiguration' of type [class org.springframework.security.config.annotation.configuration.ObjectPostProcessorConfiguration$$EnhancerBySpringCGLIB$$5f323e0f] is not eligible for getting processed by all BeanPostProcessors (for example: not eligible for auto-proxying)
INFO    2016-08-16 17:20:44,011 [main] org.springframework.context.support.PostProcessorRegistrationDelegate$BeanPostProcessorChecker  - Bean 'objectPostProcessor' of type [class org.springframework.security.config.annotation.configuration.AutowireBeanFactoryObjectPostProcessor] is not eligible for getting processed by all BeanPostProcessors (for example: not eligible for auto-proxying)
INFO    2016-08-16 17:20:44,013 [main] org.springframework.context.support.PostProcessorRegistrationDelegate$BeanPostProcessorChecker  - Bean 'org.springframework.security.access.expression.method.DefaultMethodSecurityExpressionHandler@6f89292e' of type [class org.springframework.security.access.expression.method.DefaultMethodSecurityExpressionHandler] is not eligible for getting processed by all BeanPostProcessors (for example: not eligible for auto-proxying)
INFO    2016-08-16 17:20:44,068 [main] org.springframework.context.support.PostProcessorRegistrationDelegate$BeanPostProcessorChecker  - Bean 'org.springframework.security.config.annotation.method.configuration.GlobalMethodSecurityConfiguration' of type [class org.springframework.security.config.annotation.method.configuration.GlobalMethodSecurityConfiguration$$EnhancerBySpringCGLIB$$12107281] is not eligible for getting processed by all BeanPostProcessors (for example: not eligible for auto-proxying)
INFO    2016-08-16 17:20:44,104 [main] org.springframework.context.support.PostProcessorRegistrationDelegate$BeanPostProcessorChecker  - Bean 'methodSecurityMetadataSource' of type [class org.springframework.security.access.method.DelegatingMethodSecurityMetadataSource] is not eligible for getting processed by all BeanPostProcessors (for example: not eligible for auto-proxying)
INFO    2016-08-16 17:20:44,113 [main] org.springframework.context.support.PostProcessorRegistrationDelegate$BeanPostProcessorChecker  - Bean 'metaDataSourceAdvisor' of type [class org.springframework.security.access.intercept.aopalliance.MethodSecurityMetadataSourceAdvisor] is not eligible for getting processed by all BeanPostProcessors (for example: not eligible for auto-proxying)
INFO    2016-08-16 17:20:45,412 [main] org.springframework.boot.context.embedded.tomcat.TomcatEmbeddedServletContainer  - Tomcat initialized with port(s): 8099 (http)
INFO    2016-08-16 17:20:45,783 [main] org.apache.catalina.core.StandardService  - Starting service Tomcat
INFO    2016-08-16 17:20:45,785 [main] org.apache.catalina.core.StandardEngine  - Starting Servlet Engine: Apache Tomcat/8.0.30
INFO    2016-08-16 17:20:46,208 [localhost-startStop-1] org.apache.catalina.core.ContainerBase.[Tomcat].[localhost].[/]  - Initializing Spring embedded WebApplicationContext
INFO    2016-08-16 17:20:46,209 [localhost-startStop-1] org.springframework.web.context.ContextLoader  - Root WebApplicationContext: initialization completed in 9825 ms
INFO    2016-08-16 17:20:49,999 [localhost-startStop-1] org.springframework.orm.jpa.LocalContainerEntityManagerFactoryBean  - Building JPA container EntityManagerFactory for persistence unit 'default'
INFO    2016-08-16 17:20:50,044 [localhost-startStop-1] org.hibernate.jpa.internal.util.LogHelper  - HHH000204: Processing PersistenceUnitInfo [
	name: default
	...]
INFO    2016-08-16 17:20:50,516 [localhost-startStop-1] org.hibernate.Version  - HHH000412: Hibernate Core {4.3.11.Final}
INFO    2016-08-16 17:20:50,525 [localhost-startStop-1] org.hibernate.cfg.Environment  - HHH000206: hibernate.properties not found
INFO    2016-08-16 17:20:50,530 [localhost-startStop-1] org.hibernate.cfg.Environment  - HHH000021: Bytecode provider name : javassist
INFO    2016-08-16 17:20:51,527 [localhost-startStop-1] org.hibernate.annotations.common.Version  - HCANN000001: Hibernate Commons Annotations {4.0.5.Final}
INFO    2016-08-16 17:20:52,722 [localhost-startStop-1] org.hibernate.dialect.Dialect  - HHH000400: Using dialect: org.hibernate.dialect.H2Dialect
INFO    2016-08-16 17:20:53,252 [localhost-startStop-1] org.hibernate.hql.internal.ast.ASTQueryTranslatorFactory  - HHH000397: Using ASTQueryTranslatorFactory
INFO    2016-08-16 17:20:54,521 [localhost-startStop-1] org.hibernate.tool.hbm2ddl.SchemaUpdate  - HHH000228: Running hbm2ddl schema update
INFO    2016-08-16 17:20:54,524 [localhost-startStop-1] org.hibernate.tool.hbm2ddl.SchemaUpdate  - HHH000102: Fetching database metadata
INFO    2016-08-16 17:20:54,608 [localhost-startStop-1] org.hibernate.tool.hbm2ddl.SchemaUpdate  - HHH000396: Updating schema
INFO    2016-08-16 17:20:54,740 [localhost-startStop-1] java.sql.DatabaseMetaData  - HHH000262: Table not found: document
INFO    2016-08-16 17:20:54,811 [localhost-startStop-1] java.sql.DatabaseMetaData  - HHH000262: Table not found: document_collection
INFO    2016-08-16 17:20:54,814 [localhost-startStop-1] java.sql.DatabaseMetaData  - HHH000262: Table not found: document_collection_documents
INFO    2016-08-16 17:20:54,817 [localhost-startStop-1] java.sql.DatabaseMetaData  - HHH000262: Table not found: pipeline
INFO    2016-08-16 17:20:54,821 [localhost-startStop-1] java.sql.DatabaseMetaData  - HHH000262: Table not found: token
INFO    2016-08-16 17:20:54,825 [localhost-startStop-1] java.sql.DatabaseMetaData  - HHH000262: Table not found: user
INFO    2016-08-16 17:20:54,828 [localhost-startStop-1] java.sql.DatabaseMetaData  - HHH000262: Table not found: document
INFO    2016-08-16 17:20:54,830 [localhost-startStop-1] java.sql.DatabaseMetaData  - HHH000262: Table not found: document_collection
INFO    2016-08-16 17:20:54,837 [localhost-startStop-1] java.sql.DatabaseMetaData  - HHH000262: Table not found: document_collection_documents
INFO    2016-08-16 17:20:54,841 [localhost-startStop-1] java.sql.DatabaseMetaData  - HHH000262: Table not found: pipeline
INFO    2016-08-16 17:20:54,862 [localhost-startStop-1] java.sql.DatabaseMetaData  - HHH000262: Table not found: token
INFO    2016-08-16 17:20:54,867 [localhost-startStop-1] java.sql.DatabaseMetaData  - HHH000262: Table not found: user
INFO    2016-08-16 17:20:54,875 [localhost-startStop-1] java.sql.DatabaseMetaData  - HHH000262: Table not found: document
INFO    2016-08-16 17:20:54,878 [localhost-startStop-1] java.sql.DatabaseMetaData  - HHH000262: Table not found: document_collection
INFO    2016-08-16 17:20:54,880 [localhost-startStop-1] java.sql.DatabaseMetaData  - HHH000262: Table not found: document_collection_documents
INFO    2016-08-16 17:20:54,882 [localhost-startStop-1] java.sql.DatabaseMetaData  - HHH000262: Table not found: pipeline
INFO    2016-08-16 17:20:54,889 [localhost-startStop-1] java.sql.DatabaseMetaData  - HHH000262: Table not found: token
INFO    2016-08-16 17:20:54,900 [localhost-startStop-1] java.sql.DatabaseMetaData  - HHH000262: Table not found: user
INFO    2016-08-16 17:20:55,244 [localhost-startStop-1] org.hibernate.tool.hbm2ddl.SchemaUpdate  - HHH000232: Schema update complete
INFO    2016-08-16 17:20:57,584 [localhost-startStop-1] org.springframework.security.web.DefaultSecurityFilterChain  - Creating filter chain: org.springframework.security.web.util.matcher.AnyRequestMatcher@1, [org.springframework.security.web.context.request.async.WebAsyncManagerIntegrationFilter@3f83892a, org.springframework.security.web.context.SecurityContextPersistenceFilter@346ac935, org.springframework.security.web.header.HeaderWriterFilter@2b00c164, org.springframework.security.web.authentication.logout.LogoutFilter@29602fd2, eu.freme.common.security.AuthenticationFilter@27ce578a, eu.freme.common.security.ManagementEndpointAuthenticationFilter@220079d5, org.springframework.security.web.savedrequest.RequestCacheAwareFilter@60390bba, org.springframework.security.web.servletapi.SecurityContextHolderAwareRequestFilter@20aac5f5, org.springframework.security.web.authentication.AnonymousAuthenticationFilter@57bbf029, org.springframework.security.web.session.SessionManagementFilter@7a97c872, org.springframework.security.web.access.ExceptionTranslationFilter@460bb8a5]
INFO    2016-08-16 17:20:58,592 [localhost-startStop-1] eu.freme.common.security.SecurityConfig  - create new admin user
INFO    2016-08-16 17:21:01,629 [localhost-startStop-1] org.springframework.boot.context.embedded.FilterRegistrationBean  - Mapping filter: 'characterEncodingFilter' to: [/*]
INFO    2016-08-16 17:21:01,630 [localhost-startStop-1] org.springframework.boot.context.embedded.FilterRegistrationBean  - Mapping filter: 'hiddenHttpMethodFilter' to: [/*]
INFO    2016-08-16 17:21:01,631 [localhost-startStop-1] org.springframework.boot.context.embedded.FilterRegistrationBean  - Mapping filter: 'springSecurityFilterChain' to: [/*]
INFO    2016-08-16 17:21:01,631 [localhost-startStop-1] org.springframework.boot.context.embedded.FilterRegistrationBean  - Mapping filter: 'loggingFilter' to: [/*]
INFO    2016-08-16 17:21:01,632 [localhost-startStop-1] org.springframework.boot.context.embedded.ServletRegistrationBean  - Mapping servlet: 'dispatcherServlet' to [/]
INFO    2016-08-16 17:21:06,559 [main] org.springframework.web.servlet.mvc.method.annotation.RequestMappingHandlerAdapter  - Looking for @ControllerAdvice: org.springframework.boot.context.embedded.AnnotationConfigEmbeddedWebApplicationContext@51e5fc98: startup date [Tue Aug 16 17:20:36 CEST 2016]; root of context hierarchy
INFO    2016-08-16 17:21:07,181 [main] org.springframework.web.servlet.mvc.method.annotation.RequestMappingHandlerMapping  - Mapped "{[/mockups/file/{filename:.+}]}" onto public org.springframework.http.ResponseEntity<java.lang.String> eu.freme.bservices.testhelper.api.MockupEndpoint.sendRDFfileContent(java.lang.String,java.lang.String,java.lang.String) throws java.io.IOException
INFO    2016-08-16 17:21:07,185 [main] org.springframework.web.servlet.mvc.method.annotation.RequestMappingHandlerMapping  - Mapped "{[/pipelining/templates/{identifier}],methods=[DELETE]}" onto public org.springframework.http.ResponseEntity<java.lang.String> eu.freme.common.rest.OwnedResourceManagingController.deleteEntityById(java.lang.String)
INFO    2016-08-16 17:21:07,185 [main] org.springframework.web.servlet.mvc.method.annotation.RequestMappingHandlerMapping  - Mapped "{[/pipelining/templates],methods=[POST]}" onto public org.springframework.http.ResponseEntity<java.lang.String> eu.freme.common.rest.OwnedResourceManagingController.addEntity(java.lang.String,java.lang.String,java.util.Map<java.lang.String, java.lang.String>,java.util.Map<java.lang.String, java.lang.String>,java.lang.String)
INFO    2016-08-16 17:21:07,186 [main] org.springframework.web.servlet.mvc.method.annotation.RequestMappingHandlerMapping  - Mapped "{[/pipelining/templates/{identifier}],methods=[GET]}" onto public org.springframework.http.ResponseEntity<java.lang.String> eu.freme.common.rest.OwnedResourceManagingController.getEntityById(java.lang.String)
INFO    2016-08-16 17:21:07,187 [main] org.springframework.web.servlet.mvc.method.annotation.RequestMappingHandlerMapping  - Mapped "{[/pipelining/templates/{identifier}],methods=[PUT]}" onto public org.springframework.http.ResponseEntity<java.lang.String> eu.freme.common.rest.OwnedResourceManagingController.putEntityById(java.lang.String,java.lang.String,java.lang.String,java.lang.String,java.util.Map<java.lang.String, java.lang.String>,java.util.Map<java.lang.String, java.lang.String>,java.lang.String)
INFO    2016-08-16 17:21:07,188 [main] org.springframework.web.servlet.mvc.method.annotation.RequestMappingHandlerMapping  - Mapped "{[/pipelining/templates],methods=[GET]}" onto public org.springframework.http.ResponseEntity<java.lang.String> eu.freme.common.rest.OwnedResourceManagingController.getAllEntities()
INFO    2016-08-16 17:21:07,191 [main] org.springframework.web.servlet.mvc.method.annotation.RequestMappingHandlerMapping  - Mapped "{[/pipelining/chain],methods=[POST],consumes=[application/json]}" onto public org.springframework.http.ResponseEntity<java.lang.String> eu.freme.bservices.controllers.pipelines.PipelinesController.pipeline(java.lang.String,java.lang.String)
INFO    2016-08-16 17:21:07,194 [main] org.springframework.web.servlet.mvc.method.annotation.RequestMappingHandlerMapping  - Mapped "{[/pipelining/chain/{id}],methods=[POST]}" onto public org.springframework.http.ResponseEntity<java.lang.String> eu.freme.bservices.controllers.pipelines.PipelinesController.pipeline(java.lang.String,java.lang.String,java.lang.String,java.lang.String,java.lang.String,java.util.Map<java.lang.String, java.lang.Object>) throws java.io.IOException
INFO    2016-08-16 17:21:07,196 [main] org.springframework.web.servlet.mvc.method.annotation.RequestMappingHandlerMapping  - Mapped "{[/e-capitalization],methods=[POST]}" onto public org.springframework.http.ResponseEntity<java.lang.String> eu.freme.eservices.example.ECapitalizationService.example(javax.servlet.http.HttpServletRequest)
INFO    2016-08-16 17:21:07,196 [main] org.springframework.web.servlet.mvc.method.annotation.RequestMappingHandlerMapping  - Mapped "{[/test-endpoint],methods=[GET]}" onto public java.lang.String de.dkt.eservices.edocumentstorage.TestRestController.getData() throws java.lang.Exception
INFO    2016-08-16 17:21:07,197 [main] org.springframework.web.servlet.mvc.method.annotation.RequestMappingHandlerMapping  - Mapped "{[/test-endpoint],methods=[POST]}" onto public void de.dkt.eservices.edocumentstorage.TestRestController.addData(java.lang.String) throws java.lang.Exception
INFO    2016-08-16 17:21:07,197 [main] org.springframework.web.servlet.mvc.method.annotation.RequestMappingHandlerMapping  - Mapped "{[/document-storage/{collectionName}],methods=[POST]}" onto public org.springframework.http.ResponseEntity<java.lang.String> de.dkt.eservices.edocumentstorage.DocumentStorageRestController.uploadFileHandler(java.lang.String,javax.servlet.http.HttpServletRequest,java.lang.String,java.lang.String)
INFO    2016-08-16 17:21:07,198 [main] org.springframework.web.servlet.mvc.method.annotation.RequestMappingHandlerMapping  - Mapped "{[/document-storage/{collectionName}],methods=[GET]}" onto public java.util.Collection<eu.freme.common.persistence.model.Document> de.dkt.eservices.edocumentstorage.DocumentStorageRestController.getFiles(java.lang.String)
INFO    2016-08-16 17:21:07,201 [main] org.springframework.web.servlet.mvc.method.annotation.RequestMappingHandlerMapping  - Mapped "{[/error]}" onto public org.springframework.http.ResponseEntity<java.util.Map<java.lang.String, java.lang.Object>> org.springframework.boot.autoconfigure.web.BasicErrorController.error(javax.servlet.http.HttpServletRequest)
INFO    2016-08-16 17:21:07,202 [main] org.springframework.web.servlet.mvc.method.annotation.RequestMappingHandlerMapping  - Mapped "{[/error],produces=[text/html]}" onto public org.springframework.web.servlet.ModelAndView org.springframework.boot.autoconfigure.web.BasicErrorController.errorHtml(javax.servlet.http.HttpServletRequest,javax.servlet.http.HttpServletResponse)
INFO    2016-08-16 17:21:07,679 [main] org.springframework.web.servlet.handler.SimpleUrlHandlerMapping  - Mapped URL path [/webjars/**] onto handler of type [class org.springframework.web.servlet.resource.ResourceHttpRequestHandler]
INFO    2016-08-16 17:21:07,700 [main] org.springframework.web.servlet.handler.SimpleUrlHandlerMapping  - Mapped URL path [/**] onto handler of type [class org.springframework.web.servlet.resource.ResourceHttpRequestHandler]
INFO    2016-08-16 17:21:07,817 [main] org.springframework.web.servlet.mvc.method.annotation.ExceptionHandlerExceptionResolver  - Detected @ExceptionHandler methods in exceptionHandlerService
INFO    2016-08-16 17:21:07,927 [main] org.springframework.web.servlet.handler.SimpleUrlHandlerMapping  - Mapped URL path [/**/favicon.ico] onto handler of type [class org.springframework.web.servlet.resource.ResourceHttpRequestHandler]
INFO    2016-08-16 17:21:09,235 [main] org.springframework.jmx.export.annotation.AnnotationMBeanExporter  - Registering beans for JMX exposure on startup
INFO    2016-08-16 17:21:09,292 [pool-2-thread-1] eu.freme.common.persistence.dao.PipelineDAO  - Deleting pipelines older than one week!
INFO    2016-08-16 17:21:09,384 [main] org.apache.coyote.http11.Http11NioProtocol  - Initializing ProtocolHandler ["http-nio-8099"]
INFO    2016-08-16 17:21:09,488 [main] org.apache.coyote.http11.Http11NioProtocol  - Starting ProtocolHandler ["http-nio-8099"]
INFO    2016-08-16 17:21:09,520 [main] org.apache.tomcat.util.net.NioSelectorPool  - Using a shared selector for servlet write/read
INFO    2016-08-16 17:21:09,590 [main] org.springframework.boot.context.embedded.tomcat.TomcatEmbeddedServletContainer  - Tomcat started on port(s): 8099 (http)
INFO    2016-08-16 17:21:09,595 [main] org.eclipse.jdt.internal.junit.runner.RemoteTestRunner  - Started RemoteTestRunner in 39.16 seconds (JVM running for 43.349)
INFO    2016-08-16 17:21:10,389 [http-nio-8099-exec-1] org.apache.catalina.core.ContainerBase.[Tomcat].[localhost].[/]  - Initializing Spring FrameworkServlet 'dispatcherServlet'
INFO    2016-08-16 17:21:10,390 [http-nio-8099-exec-1] org.springframework.web.servlet.DispatcherServlet  - FrameworkServlet 'dispatcherServlet': initialization started
INFO    2016-08-16 17:21:10,434 [http-nio-8099-exec-1] org.springframework.web.servlet.DispatcherServlet  - FrameworkServlet 'dispatcherServlet': initialization completed in 44 ms
INFO    2016-08-16 17:21:10,491 [http-nio-8099-exec-1] eu.freme.bservices.filters.logging.LoggingFilter  - Request: request id=2; content type=text/plain; uri=/document-storage/my-collection?fileName=test.txt; payload=
INFO    2016-08-16 17:21:10,751 [http-nio-8099-exec-1] eu.freme.bservices.filters.logging.LoggingFilter  - Response: request id=2; payload=File uploaded successful
INFO    2016-08-16 17:21:11,764 [http-nio-8099-exec-2] eu.freme.bservices.filters.logging.LoggingFilter  - Request: request id=3; content type=application/json; uri=/pipelining/chain; payload=
INFO    2016-08-16 17:21:11,927 [http-nio-8099-exec-3] eu.freme.bservices.filters.logging.LoggingFilter  - Request: request id=4; content type=text/turtle; uri=/e-capitalization; payload=
INFO    2016-08-16 17:21:11,962 [http-nio-8099-exec-3] eu.freme.bservices.filters.logging.LoggingFilter  - Response: request id=4; payload=@prefix xsd:   <http://www.w3.org/2001/XMLSchema#> .
@prefix nif:   <http://persistence.uni-leipzig.org/nlp2rdf/ontologies/nif-core#> .

<http://digitale-kuratierung.de/ns/test.txt#char=0,11>
        a               nif:String , nif:Context , nif:RFC5147String ;
        <http://freme-project.eu/example-enrichment>
                "HELLO WORLD"^^xsd:string ;
        nif:beginIndex  "0"^^xsd:nonNegativeInteger ;
        nif:endIndex    "11"^^xsd:nonNegativeInteger ;
        nif:isString    "hello world" .

INFO    2016-08-16 17:21:11,970 [http-nio-8099-exec-4] eu.freme.bservices.filters.logging.LoggingFilter  - Request: request id=5; content type=text/plain; charset=UTF-8; uri=/test-endpoint; payload=
INFO    2016-08-16 17:21:11,981 [http-nio-8099-exec-4] eu.freme.bservices.filters.logging.LoggingFilter  - Response: request id=5; payload ommitted from logging as it is not in the whitelisted mime-types
INFO    2016-08-16 17:21:11,985 [http-nio-8099-exec-2] eu.freme.bservices.filters.logging.LoggingFilter  - Response: request id=3; payload=
INFO    2016-08-16 17:21:15,802 [http-nio-8099-exec-5] eu.freme.bservices.filters.logging.LoggingFilter  - Request: request id=6; uri=/test-endpoint; payload ommitted from logging as it is not in the whitelisted mime-types
INFO    2016-08-16 17:21:15,810 [http-nio-8099-exec-5] eu.freme.bservices.filters.logging.LoggingFilter  - Response: request id=6; payload=<http://digitale-kuratierung.de/ns/test.txt#char=0,11>
        a       <http://persistence.uni-leipzig.org/nlp2rdf/ontologies/nif-core#String> , <http://persistence.uni-leipzig.org/nlp2rdf/ontologies/nif-core#Context> , <http://persistence.uni-leipzig.org/nlp2rdf/ontologies/nif-core#RFC5147String> ;
        <http://freme-project.eu/example-enrichment>
                "HELLO WORLD"^^<http://www.w3.org/2001/XMLSchema#string> ;
        <http://persistence.uni-leipzig.org/nlp2rdf/ontologies/nif-core#beginIndex>
                "0"^^<http://www.w3.org/2001/XMLSchema#nonNegativeInteger> ;
        <http://persistence.uni-leipzig.org/nlp2rdf/ontologies/nif-core#endIndex>
                "11"^^<http://www.w3.org/2001/XMLSchema#nonNegativeInteger> ;
        <http://persistence.uni-leipzig.org/nlp2rdf/ontologies/nif-core#isString>
                "hello world" .

INFO    2016-08-16 17:21:15,841 [http-nio-8099-exec-6] eu.freme.bservices.filters.logging.LoggingFilter  - Request: request id=7; content type=application/zip; uri=/document-storage/my-collection?fileName=file.zip; payload ommitted from logging as it is not in the whitelisted mime-types
INFO    2016-08-16 17:21:15,966 [http-nio-8099-exec-6] eu.freme.bservices.filters.logging.LoggingFilter  - Response: request id=7; payload=File uploaded successful
INFO    2016-08-16 17:21:21,064 [http-nio-8099-exec-7] eu.freme.bservices.filters.logging.LoggingFilter  - Request: request id=8; uri=/document-storage/my-collection; payload ommitted from logging as it is not in the whitelisted mime-types
INFO    2016-08-16 17:21:21,495 [http-nio-8099-exec-7] eu.freme.bservices.filters.logging.LoggingFilter  - Response: request id=8; payload=[{"id":1,"filename":"test.txt","path":null,"status":"CURRENTLY_PROCESSING","errorMessage":null,"documentUri":null,"uploadTime":1471360870648,"collection":{"name":"my-collection","documents":[],"creationTime":1471360870587}},{"id":2,"filename":"pipeline/.DS_Store","path":null,"status":"NOT_PROCESSED","errorMessage":null,"documentUri":null,"uploadTime":1471360875861,"collection":{"name":"my-collection","documents":[],"creationTime":1471360870587}},{"id":3,"filename":"__MACOSX/pipeline/._.DS_Store","path":null,"status":"NOT_PROCESSED","errorMessage":null,"documentUri":null,"uploadTime":1471360875866,"collection":{"name":"my-collection","documents":[],"creationTime":1471360870587}},{"id":4,"filename":"pipeline/input-step1.txt","path":null,"status":"NOT_PROCESSED","errorMessage":null,"documentUri":null,"uploadTime":1471360875870,"collection":{"name":"my-collection","documents":[],"creationTime":1471360870587}},{"id":5,"filename":"pipeline/output-step1.txt","path":null,"status":"NOT_PROCESSED","errorMessage":null,"documentUri":null,"uploadTime":1471360875875,"collection":{"name":"my-collection","documents":[],"creationTime":1471360870587}},{"id":6,"filename":"pipeline/output-step2.txt","path":null,"status":"NOT_PROCESSED","errorMessage":null,"documentUri":null,"uploadTime":1471360875881,"collection":{"name":"my-collection","documents":[],"creationTime":1471360870587}},{"id":7,"filename":"pipeline/output-step3.txt","path":null,"status":"NOT_PROCESSED","errorMessage":null,"documentUri":null,"uploadTime":1471360875889,"collection":{"name":"my-collection","documents":[],"creationTime":1471360870587}},{"id":8,"filename":"pipeline/pipeline.txt","path":null,"status":"NOT_PROCESSED","errorMessage":null,"documentUri":null,"uploadTime":1471360875896,"collection":{"name":"my-collection","documents":[],"creationTime":1471360870587}}]
INFO    2016-08-16 17:21:21,516 [main] org.springframework.boot.context.embedded.AnnotationConfigEmbeddedWebApplicationContext  - Closing org.springframework.boot.context.embedded.AnnotationConfigEmbeddedWebApplicationContext@51e5fc98: startup date [Tue Aug 16 17:20:36 CEST 2016]; root of context hierarchy
INFO    2016-08-16 17:21:21,525 [main] org.springframework.jmx.export.annotation.AnnotationMBeanExporter  - Unregistering JMX-exposed beans on shutdown
INFO    2016-08-16 17:21:21,545 [main] org.springframework.orm.jpa.LocalContainerEntityManagerFactoryBean  - Closing JPA EntityManagerFactory for persistence unit 'default'
